0 info it worked if it ends with ok
1 verbose cli [ '/usr/local/bin/node', '/usr/local/bin/npm', 'start' ]
2 info using npm@3.10.10
3 info using node@v6.17.1
4 verbose run-script [ 'prestart', 'start', 'poststart' ]
5 info lifecycle hostagent@0.2.0~prestart: hostagent@0.2.0
6 silly lifecycle hostagent@0.2.0~prestart: no script for prestart, continuing
7 info lifecycle hostagent@0.2.0~start: hostagent@0.2.0
8 verbose lifecycle hostagent@0.2.0~start: unsafe-perm in lifecycle true
9 verbose lifecycle hostagent@0.2.0~start: PATH: /usr/local/lib/node_modules/npm/bin/node-gyp-bin:/root/src/heartbeat/node_modules/.bin:/usr/local/sbin:/usr/local/bin:/usr/sbin:/usr/bin:/sbin:/bin:/usr/games:/usr/local/games:/snap/bin
10 verbose lifecycle hostagent@0.2.0~start: CWD: /root/src/heartbeat
11 silly lifecycle hostagent@0.2.0~start: Args: [ '-c', './index.js' ]
12 silly lifecycle hostagent@0.2.0~start: Returned: code: 126  signal: null
13 info lifecycle hostagent@0.2.0~start: Failed to exec start script
14 verbose stack Error: hostagent@0.2.0 start: `./index.js`
14 verbose stack Exit status 126
14 verbose stack     at EventEmitter.<anonymous> (/usr/local/lib/node_modules/npm/lib/utils/lifecycle.js:255:16)
14 verbose stack     at emitTwo (events.js:106:13)
14 verbose stack     at EventEmitter.emit (events.js:191:7)
14 verbose stack     at ChildProcess.<anonymous> (/usr/local/lib/node_modules/npm/lib/utils/spawn.js:40:14)
14 verbose stack     at emitTwo (events.js:106:13)
14 verbose stack     at ChildProcess.emit (events.js:191:7)
14 verbose stack     at maybeClose (internal/child_process.js:920:16)
14 verbose stack     at Process.ChildProcess._handle.onexit (internal/child_process.js:230:5)
15 verbose pkgid hostagent@0.2.0
16 verbose cwd /root/src/heartbeat
17 error Linux 5.0.0-1033-gcp
18 error argv "/usr/local/bin/node" "/usr/local/bin/npm" "start"
19 error node v6.17.1
20 error npm  v3.10.10
21 error code ELIFECYCLE
22 error hostagent@0.2.0 start: `./index.js`
22 error Exit status 126
23 error Failed at the hostagent@0.2.0 start script './index.js'.
23 error Make sure you have the latest version of node.js and npm installed.
23 error If you do, this is most likely a problem with the hostagent package,
23 error not with npm itself.
23 error Tell the author that this fails on your system:
23 error     ./index.js
23 error You can get information on how to open an issue for this project with:
23 error     npm bugs hostagent
23 error Or if that isn't available, you can get their info via:
23 error     npm owner ls hostagent
23 error There is likely additional logging output above.
24 verbose exit [ 1, true ]
